<?xml version="1.0" encoding="UTF-8"?>
<!-- Generated by org.testng.reporters.JUnitXMLReporter -->
<testsuite ignored="1" hostname="DESKTOP-PGIJ00E" failures="0" tests="1" name="OpenCartTest" time="7.231" errors="0" timestamp="2023-06-01T19:29:54 MST">
  <testcase classname="testCases.TC_002_LoginTest" name="Login_Test" time="1.621"/>
  <testcase classname="testCases.TC_001_AccountRegistrationTest" name="Account_Registration_Test" time="0.0">
    <ignored/>
  </testcase> <!-- Account_Registration_Test -->
</testsuite> <!-- OpenCartTest -->
