<?xml version="1.0" encoding="UTF-8"?>
<!-- Generated by org.testng.reporters.JUnitXMLReporter -->
<testsuite ignored="0" hostname="DESKTOP-PGIJ00E" failures="0" tests="6" name="Test" time="44.04" errors="0" timestamp="2023-06-01T14:20:34 MST">
  <testcase classname="testCases.TC_002_LoginTest" name="Login_Test" time="1.194"/>
  <testcase classname="testCases.TC_003_LoginDDTest" name="Login_DDT" time="1.334"/>
  <testcase classname="testCases.TC_003_LoginDDTest" name="Login_DDT" time="10.828"/>
  <testcase classname="testCases.TC_003_LoginDDTest" name="Login_DDT" time="10.888"/>
  <testcase classname="testCases.TC_003_LoginDDTest" name="Login_DDT" time="10.796"/>
  <testcase classname="testCases.TC_003_LoginDDTest" name="Login_DDT" time="1.177"/>
</testsuite> <!-- Test -->
