<?xml version="1.0" encoding="UTF-8"?>
<testng-results ignored="0" total="2" passed="2" failed="0" skipped="0">
  <reporter-output>
  </reporter-output>
  <suite started-at="2023-06-01T20:02:29 MST" name="Suite" finished-at="2023-06-01T20:02:47 MST" duration-ms="18177">
    <groups>
      <group name="Master">
        <method signature="TC_002_LoginTest.Login_Test()[pri:0, instance:testCases.TC_002_LoginTest@59309333]" name="Login_Test" class="testCases.TC_002_LoginTest"/>
        <method signature="TC_002_LoginTest.Login_Test()[pri:0, instance:testCases.TC_002_LoginTest@35e2d654]" name="Login_Test" class="testCases.TC_002_LoginTest"/>
      </group> <!-- Master -->
      <group name="Sanity">
        <method signature="TC_002_LoginTest.Login_Test()[pri:0, instance:testCases.TC_002_LoginTest@59309333]" name="Login_Test" class="testCases.TC_002_LoginTest"/>
        <method signature="TC_002_LoginTest.Login_Test()[pri:0, instance:testCases.TC_002_LoginTest@35e2d654]" name="Login_Test" class="testCases.TC_002_LoginTest"/>
      </group> <!-- Sanity -->
    </groups>
    <test started-at="2023-06-01T20:02:29 MST" name="ChromeTest" finished-at="2023-06-01T20:02:38 MST" duration-ms="9118">
      <class name="testCases.TC_002_LoginTest">
        <test-method is-config="true" signature="setUp(java.lang.String)[pri:0, instance:testCases.TC_002_LoginTest@59309333]" started-at="2023-06-01T20:02:30 MST" name="setUp" finished-at="2023-06-01T20:02:36 MST" duration-ms="6099" status="PASS">
          <params>
            <param index="0">
              <value>
                <![CDATA[chrome]]>
              </value>
            </param>
          </params>
          <reporter-output>
          </reporter-output>
        </test-method> <!-- setUp -->
        <test-method signature="Login_Test()[pri:0, instance:testCases.TC_002_LoginTest@59309333]" started-at="2023-06-01T20:02:36 MST" name="Login_Test" finished-at="2023-06-01T20:02:38 MST" duration-ms="1918" status="PASS">
          <reporter-output>
          </reporter-output>
        </test-method> <!-- Login_Test -->
        <test-method is-config="true" signature="tearDown()[pri:0, instance:testCases.TC_002_LoginTest@59309333]" started-at="2023-06-01T20:02:38 MST" name="tearDown" finished-at="2023-06-01T20:02:38 MST" duration-ms="460" status="PASS">
          <reporter-output>
          </reporter-output>
        </test-method> <!-- tearDown -->
      </class> <!-- testCases.TC_002_LoginTest -->
    </test> <!-- ChromeTest -->
    <test started-at="2023-06-01T20:02:39 MST" name="EdgeTest" finished-at="2023-06-01T20:02:47 MST" duration-ms="8491">
      <class name="testCases.TC_002_LoginTest">
        <test-method is-config="true" signature="setUp(java.lang.String)[pri:0, instance:testCases.TC_002_LoginTest@35e2d654]" started-at="2023-06-01T20:02:39 MST" name="setUp" finished-at="2023-06-01T20:02:45 MST" duration-ms="5758" status="PASS">
          <params>
            <param index="0">
              <value>
                <![CDATA[Edge]]>
              </value>
            </param>
          </params>
          <reporter-output>
          </reporter-output>
        </test-method> <!-- setUp -->
        <test-method signature="Login_Test()[pri:0, instance:testCases.TC_002_LoginTest@35e2d654]" started-at="2023-06-01T20:02:45 MST" name="Login_Test" finished-at="2023-06-01T20:02:47 MST" duration-ms="2216" status="PASS">
          <reporter-output>
          </reporter-output>
        </test-method> <!-- Login_Test -->
        <test-method is-config="true" signature="tearDown()[pri:0, instance:testCases.TC_002_LoginTest@35e2d654]" started-at="2023-06-01T20:02:47 MST" name="tearDown" finished-at="2023-06-01T20:02:47 MST" duration-ms="511" status="PASS">
          <reporter-output>
          </reporter-output>
        </test-method> <!-- tearDown -->
      </class> <!-- testCases.TC_002_LoginTest -->
    </test> <!-- EdgeTest -->
  </suite> <!-- Suite -->
</testng-results>
